0 info it worked if it ends with ok
1 verbose cli [ '/usr/local/bin/node', '/usr/local/bin/npm', 'publish', './' ]
2 info using npm@2.5.1
3 info using node@v0.12.0
4 verbose publish [ './' ]
5 silly cache add args [ './', null ]
6 verbose cache add spec ./
7 silly cache add parsed spec { raw: './',
7 silly cache add   scope: null,
7 silly cache add   name: null,
7 silly cache add   rawSpec: './',
7 silly cache add   spec: '/Users/benpriddy/Documents/__WORK_BASE/2_LIBRARY/3_FRAMEWORK/0_TOOL/generator-tpsk',
7 silly cache add   type: 'directory' }
8 verbose addLocalDirectory /Users/benpriddy/.npm/generator-tpsk/0.0.1/package.tgz not in flight; packing
9 verbose tar pack [ '/Users/benpriddy/.npm/generator-tpsk/0.0.1/package.tgz',
9 verbose tar pack   '/Users/benpriddy/Documents/__WORK_BASE/2_LIBRARY/3_FRAMEWORK/0_TOOL/generator-tpsk' ]
10 verbose tarball /Users/benpriddy/.npm/generator-tpsk/0.0.1/package.tgz
11 verbose folder /Users/benpriddy/Documents/__WORK_BASE/2_LIBRARY/3_FRAMEWORK/0_TOOL/generator-tpsk
12 info prepublish generator-tpsk@0.0.1
13 verbose addLocalTarball adding from inside cache /Users/benpriddy/.npm/generator-tpsk/0.0.1/package.tgz
14 silly cache afterAdd generator-tpsk@0.0.1
15 verbose afterAdd /Users/benpriddy/.npm/generator-tpsk/0.0.1/package/package.json not in flight; writing
16 verbose afterAdd /Users/benpriddy/.npm/generator-tpsk/0.0.1/package/package.json written
17 silly publish { name: 'generator-tpsk',
17 silly publish   version: '0.0.1',
17 silly publish   description: 'Yeoman generator',
17 silly publish   license: 'MIT',
17 silly publish   main: 'app/index.js',
17 silly publish   repository:
17 silly publish    { type: 'git',
17 silly publish      url: 'https://github.com/tooldigital/generator-tpsk' },
17 silly publish   author: { url: 'https://github.com/tooldigital' },
17 silly publish   engines: { node: '>=0.10.0' },
17 silly publish   scripts: { test: 'mocha' },
17 silly publish   files: [ 'app' ],
17 silly publish   keywords: [ 'yeoman-generator' ],
17 silly publish   dependencies:
17 silly publish    { chalk: '^0.5.0',
17 silly publish      colors: '^1.0.3',
17 silly publish      'yeoman-generator': '^0.18.0',
17 silly publish      yosay: '^0.3.0' },
17 silly publish   devDependencies: { mocha: '*' },
17 silly publish   peerDependencies: { yo: '>=1.0.0' },
17 silly publish   bugs: { url: 'https://github.com/tooldigital/generator-tpsk/issues' },
17 silly publish   homepage: 'https://github.com/tooldigital/generator-tpsk',
17 silly publish   directories: { test: 'test' },
17 silly publish   readme: 'Generator-TPSK\n\n> [Yeoman](http://yeoman.io) generator\n\n\n## Getting Started\n\n\n```bash\nnpm install -g yo\n```\n\n```bash\nnpm install -g generator-tpsk\n```\n\n\n```bash\nyo tpsk\n```\n\n```bash\ngulp watch\n```\n\n\n## License\n\nMIT\n',
17 silly publish   readmeFilename: 'README.md',
17 silly publish   gitHead: '86ecb47a00e6d18f63d9735cda28d901ca3d8927',
17 silly publish   _id: 'generator-tpsk@0.0.1',
17 silly publish   _shasum: 'e13d10219fd864038653b840ffbef246ed2f9e97',
17 silly publish   _from: '.' }
18 silly mapToRegistry name generator-tpsk
19 silly mapToRegistry using default registry
20 silly mapToRegistry registry https://registry.npmjs.org/
21 silly mapToRegistry uri https://registry.npmjs.org/generator-tpsk
22 verbose publish registryBase https://registry.npmjs.org/
23 silly publish uploading /Users/benpriddy/.npm/generator-tpsk/0.0.1/package.tgz
24 verbose request uri https://registry.npmjs.org/generator-tpsk
25 verbose request sending authorization for write operation
26 info attempt registry request try #1 at 4:21:50 PM
27 verbose request id 9b2529a6311e5d0d
28 http request PUT https://registry.npmjs.org/generator-tpsk
29 http 403 https://registry.npmjs.org/generator-tpsk
30 verbose headers { date: 'Fri, 27 Feb 2015 00:21:51 GMT',
30 verbose headers   server: 'CouchDB/1.5.0 (Erlang OTP/R16B03)',
30 verbose headers   'content-type': 'application/json',
30 verbose headers   'cache-control': 'max-age=60',
30 verbose headers   'content-length': '3147',
30 verbose headers   'accept-ranges': 'bytes',
30 verbose headers   via: '1.1 varnish',
30 verbose headers   'x-served-by': 'cache-sjc3128-SJC',
30 verbose headers   'x-cache': 'MISS',
30 verbose headers   'x-cache-hits': '0',
30 verbose headers   'x-timer': 'S1424996510.593589,VS0,VE851',
30 verbose headers   'keep-alive': 'timeout=10, max=50',
30 verbose headers   connection: 'Keep-Alive' }
31 verbose request invalidating /Users/benpriddy/.npm/registry.npmjs.org/generator-tpsk on PUT
32 error publish Failed PUT 403
33 verbose stack Error: forbidden cannot modify pre-existing version: 0.0.1
33 verbose stack old={"name":"generator-tpsk","version":"0.0.1","description":"Yeoman generator","license":"MIT","main":"app/index.js","repository":{"type":"git","url":"https://github.com/tooldigital/generator-tpsk"},"author":{"url":"https://github.com/tooldigital"},"engines":{"node":">=0.10.0"},"scripts":{"test":"mocha"},"files":["app"],"keywords":["yeoman-generator"],"dependencies":{"chalk":"^0.5.0","colors":"^1.0.3","yeoman-generator":"^0.18.0","yosay":"^0.3.0"},"devDependencies":{"mocha":"*"},"peerDependencies":{"yo":">=1.0.0"},"bugs":{"url":"https://github.com/tooldigital/generator-tpsk/issues"},"homepage":"https://github.com/tooldigital/generator-tpsk","directories":{"test":"test"},"gitHead":"c0b00cf412d061166776d16a4c2163d051bbc82d","_id":"generator-tpsk@0.0.1","_shasum":"baa01490791614bbd8a8f3f03bf8758c229379a9","_from":".","_npmVersion":"2.5.1","_nodeVersion":"0.12.0","_npmUser":{"name":"benoftoolofna","email":"ben.priddy@toolofna.com"},"maintainers":[{"name":"benoftoolofna","email":"ben.priddy@toolofna.com"}],"dist":{"shasum":"baa01490791614bbd8a8f3f03bf8758c229379a9","tarball":"http://registry.npmjs.org/generator-tpsk/-/generator-tpsk-0.0.1.tgz"}}
33 verbose stack new={"name":"generator-tpsk","version":"0.0.1","description":"Yeoman generator","license":"MIT","main":"app/index.js","repository":{"type":"git","url":"https://github.com/tooldigital/generator-tpsk"},"author":{"url":"https://github.com/tooldigital"},"engines":{"node":">=0.10.0"},"scripts":{"test":"mocha"},"files":["app"],"keywords":["yeoman-generator"],"dependencies":{"chalk":"^0.5.0","colors":"^1.0.3","yeoman-generator":"^0.18.0","yosay":"^0.3.0"},"devDependencies":{"mocha":"*"},"peerDependencies":{"yo":">=1.0.0"},"bugs":{"url":"https://github.com/tooldigital/generator-tpsk/issues"},"homepage":"https://github.com/tooldigital/generator-tpsk","directories":{"test":"test"},"readme":"Generator-TPSK\u000a\u000a> [Yeoman](http://yeoman.io) generator\u000a\u000a\u000a## Getting Started\u000a\u000a\u000a```bash\u000anpm install -g yo\u000a```\u000a\u000a```bash\u000anpm install -g generator-tpsk\u000a```\u000a\u000a\u000a```bash\u000ayo tpsk\u000a```\u000a\u000a```bash\u000agulp watch\u000a```\u000a\u000a\u000a## License\u000a\u000aMIT\u000a","readmeFilename":"README.md","gitHead":"86ecb47a00e6d18f63d9735cda28d901ca3d8927","_id":"generator-tpsk@0.0.1","_shasum":"e13d10219fd864038653b840ffbef246ed2f9e97","_from":".","_npmVersion":"2.5.1","_nodeVersion":"0.12.0","_npmUser":{"name":"benoftoolofna","email":"ben.priddy@toolofna.com"},"maintainers":[{"name":"benoftoolofna","email":"ben.priddy@toolofna.com"}],"dist":{"shasum":"e13d10219fd864038653b840ffbef246ed2f9e97","tarball":"http://registry.npmjs.org/generator-tpsk/-/generator-tpsk-0.0.1.tgz"}}: generator-tpsk
33 verbose stack     at CachingRegistryClient.<anonymous> (/usr/local/lib/node_modules/npm/node_modules/npm-registry-client/lib/request.js:254:14)
33 verbose stack     at Request._callback (/usr/local/lib/node_modules/npm/node_modules/npm-registry-client/lib/request.js:178:14)
33 verbose stack     at Request.self.callback (/usr/local/lib/node_modules/npm/node_modules/request/request.js:344:22)
33 verbose stack     at Request.emit (events.js:110:17)
33 verbose stack     at Request.<anonymous> (/usr/local/lib/node_modules/npm/node_modules/request/request.js:1239:14)
33 verbose stack     at Request.emit (events.js:129:20)
33 verbose stack     at IncomingMessage.<anonymous> (/usr/local/lib/node_modules/npm/node_modules/request/request.js:1187:12)
33 verbose stack     at IncomingMessage.emit (events.js:129:20)
33 verbose stack     at _stream_readable.js:908:16
33 verbose stack     at process._tickCallback (node.js:355:11)
34 verbose statusCode 403
35 verbose pkgid generator-tpsk
36 verbose cwd /Users/benpriddy/Documents/__WORK_BASE/2_LIBRARY/3_FRAMEWORK/0_TOOL/generator-tpsk
37 error Darwin 13.3.0
38 error argv "/usr/local/bin/node" "/usr/local/bin/npm" "publish" "./"
39 error node v0.12.0
40 error npm  v2.5.1
41 error code E403
42 error forbidden cannot modify pre-existing version: 0.0.1
42 error old={"name":"generator-tpsk","version":"0.0.1","description":"Yeoman generator","license":"MIT","main":"app/index.js","repository":{"type":"git","url":"https://github.com/tooldigital/generator-tpsk"},"author":{"url":"https://github.com/tooldigital"},"engines":{"node":">=0.10.0"},"scripts":{"test":"mocha"},"files":["app"],"keywords":["yeoman-generator"],"dependencies":{"chalk":"^0.5.0","colors":"^1.0.3","yeoman-generator":"^0.18.0","yosay":"^0.3.0"},"devDependencies":{"mocha":"*"},"peerDependencies":{"yo":">=1.0.0"},"bugs":{"url":"https://github.com/tooldigital/generator-tpsk/issues"},"homepage":"https://github.com/tooldigital/generator-tpsk","directories":{"test":"test"},"gitHead":"c0b00cf412d061166776d16a4c2163d051bbc82d","_id":"generator-tpsk@0.0.1","_shasum":"baa01490791614bbd8a8f3f03bf8758c229379a9","_from":".","_npmVersion":"2.5.1","_nodeVersion":"0.12.0","_npmUser":{"name":"benoftoolofna","email":"ben.priddy@toolofna.com"},"maintainers":[{"name":"benoftoolofna","email":"ben.priddy@toolofna.com"}],"dist":{"shasum":"baa01490791614bbd8a8f3f03bf8758c229379a9","tarball":"http://registry.npmjs.org/generator-tpsk/-/generator-tpsk-0.0.1.tgz"}}
42 error new={"name":"generator-tpsk","version":"0.0.1","description":"Yeoman generator","license":"MIT","main":"app/index.js","repository":{"type":"git","url":"https://github.com/tooldigital/generator-tpsk"},"author":{"url":"https://github.com/tooldigital"},"engines":{"node":">=0.10.0"},"scripts":{"test":"mocha"},"files":["app"],"keywords":["yeoman-generator"],"dependencies":{"chalk":"^0.5.0","colors":"^1.0.3","yeoman-generator":"^0.18.0","yosay":"^0.3.0"},"devDependencies":{"mocha":"*"},"peerDependencies":{"yo":">=1.0.0"},"bugs":{"url":"https://github.com/tooldigital/generator-tpsk/issues"},"homepage":"https://github.com/tooldigital/generator-tpsk","directories":{"test":"test"},"readme":"Generator-TPSK\u000a\u000a> [Yeoman](http://yeoman.io) generator\u000a\u000a\u000a## Getting Started\u000a\u000a\u000a```bash\u000anpm install -g yo\u000a```\u000a\u000a```bash\u000anpm install -g generator-tpsk\u000a```\u000a\u000a\u000a```bash\u000ayo tpsk\u000a```\u000a\u000a```bash\u000agulp watch\u000a```\u000a\u000a\u000a## License\u000a\u000aMIT\u000a","readmeFilename":"README.md","gitHead":"86ecb47a00e6d18f63d9735cda28d901ca3d8927","_id":"generator-tpsk@0.0.1","_shasum":"e13d10219fd864038653b840ffbef246ed2f9e97","_from":".","_npmVersion":"2.5.1","_nodeVersion":"0.12.0","_npmUser":{"name":"benoftoolofna","email":"ben.priddy@toolofna.com"},"maintainers":[{"name":"benoftoolofna","email":"ben.priddy@toolofna.com"}],"dist":{"shasum":"e13d10219fd864038653b840ffbef246ed2f9e97","tarball":"http://registry.npmjs.org/generator-tpsk/-/generator-tpsk-0.0.1.tgz"}}: generator-tpsk
43 error If you need help, you may report this error at:
43 error     <http://github.com/npm/npm/issues>
44 verbose exit [ 1, true ]
